[     119ms] [WARNING] Element with id: isMergeSignInSignUpV2Enabled not found @ https://static.licdn.com/aero-v1/sc/h/5btsu35dk4f0xrzzr30jr7gap:1
[     119ms] [WARNING] Element with id: mergeSignInSignUpLixValue not found @ https://static.licdn.com/aero-v1/sc/h/5btsu35dk4f0xrzzr30jr7gap:1
[     119ms] [WARNING] No outlet was found with a data-modal attribute equal to the provided dataCustomOutlet param base-contextual-sign-in-modal @ https://static.licdn.com/aero-v1/sc/h/5btsu35dk4f0xrzzr30jr7gap:1
[     121ms] [WARNING] Element with id: joinUrl not found @ https://static.licdn.com/aero-v1/sc/h/5btsu35dk4f0xrzzr30jr7gap:1
[     131ms] [WARNING] Element with id: enablePlatformJs not found @ https://static.licdn.com/aero-v1/sc/h/5btsu35dk4f0xrzzr30jr7gap:1
[     234ms] [WARNING] [GSI_LOGGER]: Your client application may not display the Google One Tap in its default position. When FedCM becomes mandatory, One Tap only displays in the default position. Refer to the migration guide to update your code accordingly and opt-in to FedCM to test your changes. Learn more: https://developers.google.com/identity/gsi/web/guides/fedcm-migration?s=dc#layout @ https://static.licdn.com/aero-v1/sc/h/29rdkxlvag0d3cpj96fiilbju:168
[     234ms] [WARNING] [GSI_LOGGER]: Your client application uses one of the Google One Tap prompt UI status methods that may stop functioning when FedCM becomes mandatory. Refer to the migration guide to update your code accordingly and opt-in to FedCM to test your changes. Learn more: https://developers.google.com/identity/gsi/web/guides/fedcm-migration?s=dc#display_moment and https://developers.google.com/identity/gsi/web/guides/fedcm-migration?s=dc#skipped_moment @ https://static.licdn.com/aero-v1/sc/h/29rdkxlvag0d3cpj96fiilbju:168
[     234ms] [WARNING] [GSI_LOGGER]: Currently, you disable FedCM on Google One Tap. FedCM for One Tap will become mandatory starting Oct 2024, and you won’t be able to disable it. Refer to the migration guide to update your code accordingly to ensure users will not be blocked from logging in. Learn more: https://developers.google.com/identity/gsi/web/guides/fedcm-migration @ https://static.licdn.com/aero-v1/sc/h/29rdkxlvag0d3cpj96fiilbju:168
[     256ms] [LOG] Error @ https://static.licdn.com/aero-v1/sc/h/4rq4zqumv8obfum0kflg396dp:1
[     438ms] [LOG] %c EvalError
    at oC (https://client.protechts.net/PXdOjV695v/main.min.js:2:71027)
    at qE (https://client.protechts.net/PXdOjV695v/main.min.js:2:76805)
    at JU (https://client.protechts.net/PXdOjV695v/main.min.js:2:230527)
    at JS (https://client.protechts.net/PXdOjV695v/main.min.js:2:230145)
    at https://client.protechts.net/PXdOjV695v/main.min.js:2:231880
    at https://client.protechts.net/PXdOjV695v/main.min.js:2:231886
    at https://client.protechts.net/PXdOjV695v/main.min.js:2:232351 @ https://client.protechts.net/PXdOjV695v/main.min.js:1
[     446ms] [WARNING] Canvas2D: Multiple readback operations using getImageData are faster with the willReadFrequently attribute set to true. See: https://html.spec.whatwg.org/multipage/canvas.html#concept-canvas-will-read-frequently @ https://static.licdn.com/aero-v1/sc/h/4rq4zqumv8obfum0kflg396dp:1
[     732ms] [WARNING] Canvas2D: Multiple readback operations using getImageData are faster with the willReadFrequently attribute set to true. See: https://html.spec.whatwg.org/multipage/canvas.html#concept-canvas-will-read-frequently @ https://static.licdn.com/aero-v1/sc/h/4rq4zqumv8obfum0kflg396dp:1
[     735ms] [WARNING] Canvas2D: Multiple readback operations using getImageData are faster with the willReadFrequently attribute set to true. See: https://html.spec.whatwg.org/multipage/canvas.html#concept-canvas-will-read-frequently @ https://static.licdn.com/aero-v1/sc/h/4rq4zqumv8obfum0kflg396dp:1
[    4719ms] [WARNING] <link rel=preload> must have a valid `as` value @ https://www.linkedin.com/login?session_redirect=https%3A%2F%2Fwww%2Elinkedin%2Ecom%2Fin%2Fbruceschen&fromSignIn=true&trk=public_profile_nav-header-signin:99
[    4719ms] [WARNING] <link rel=preload> must have a valid `as` value @ https://www.linkedin.com/login?session_redirect=https%3A%2F%2Fwww%2Elinkedin%2Ecom%2Fin%2Fbruceschen&fromSignIn=true&trk=public_profile_nav-header-signin:100
[    4719ms] [WARNING] <link rel=preload> must have a valid `as` value @ https://www.linkedin.com/login?session_redirect=https%3A%2F%2Fwww%2Elinkedin%2Ecom%2Fin%2Fbruceschen&fromSignIn=true&trk=public_profile_nav-header-signin:101
[    4719ms] [WARNING] <link rel=preload> must have a valid `as` value @ https://www.linkedin.com/login?session_redirect=https%3A%2F%2Fwww%2Elinkedin%2Ecom%2Fin%2Fbruceschen&fromSignIn=true&trk=public_profile_nav-header-signin:102
[    4719ms] [WARNING] <link rel=preload> must have a valid `as` value @ https://www.linkedin.com/login?session_redirect=https%3A%2F%2Fwww%2Elinkedin%2Ecom%2Fin%2Fbruceschen&fromSignIn=true&trk=public_profile_nav-header-signin:105
[    4719ms] [WARNING] <link rel=preload> must have a valid `as` value @ https://www.linkedin.com/login?session_redirect=https%3A%2F%2Fwww%2Elinkedin%2Ecom%2Fin%2Fbruceschen&fromSignIn=true&trk=public_profile_nav-header-signin:106
[    4964ms] [WARNING] [GSI_LOGGER]: Your client application may not display the Google One Tap in its default position. When FedCM becomes mandatory, One Tap only displays in the default position. Refer to the migration guide to update your code accordingly and opt-in to FedCM to test your changes. Learn more: https://developers.google.com/identity/gsi/web/guides/fedcm-migration?s=dc#layout @ https://static.licdn.com/sc/h/aofke6z5sqc44bjlvj6yr05c8:168
[    4964ms] [WARNING] [GSI_LOGGER]: Your client application uses one of the Google One Tap prompt UI status methods that may stop functioning when FedCM becomes mandatory. Refer to the migration guide to update your code accordingly and opt-in to FedCM to test your changes. Learn more: https://developers.google.com/identity/gsi/web/guides/fedcm-migration?s=dc#display_moment and https://developers.google.com/identity/gsi/web/guides/fedcm-migration?s=dc#skipped_moment @ https://static.licdn.com/sc/h/aofke6z5sqc44bjlvj6yr05c8:168
[    4964ms] [WARNING] [GSI_LOGGER]: Currently, you disable FedCM on Google One Tap. FedCM for One Tap will become mandatory starting Oct 2024, and you won’t be able to disable it. Refer to the migration guide to update your code accordingly to ensure users will not be blocked from logging in. Learn more: https://developers.google.com/identity/gsi/web/guides/fedcm-migration @ https://static.licdn.com/sc/h/aofke6z5sqc44bjlvj6yr05c8:168
[    4980ms] [WARNING] WARNING: Too many active WebGL contexts. Oldest context will be lost. @ https://static.licdn.com/sc/h/7kposvlmadm04u71pp9u1qzyg:0
[    4984ms] [WARNING] WARNING: Too many active WebGL contexts. Oldest context will be lost. @ https://static.licdn.com/sc/h/7kposvlmadm04u71pp9u1qzyg:0
[    5034ms] [LOG] %c EvalError
    at oC (https://client.protechts.net/PXdOjV695v/main.min.js:2:71027)
    at qE (https://client.protechts.net/PXdOjV695v/main.min.js:2:76805)
    at JU (https://client.protechts.net/PXdOjV695v/main.min.js:2:230527)
    at JS (https://client.protechts.net/PXdOjV695v/main.min.js:2:230145)
    at https://client.protechts.net/PXdOjV695v/main.min.js:2:231880
    at https://client.protechts.net/PXdOjV695v/main.min.js:2:231886
    at https://client.protechts.net/PXdOjV695v/main.min.js:2:232351 @ https://client.protechts.net/PXdOjV695v/main.min.js:1
